
FAILURE: Build failed with an exception.

* What went wrong:
A problem occurred configuring root project 'gradle-bug-4310'.
> Could not resolve all files for configuration ':classpath'.
   > Could not resolve gradle.plugin.org.liquibase:liquibase-gradle-plugin:1.2.4.
     Required by:
         project :
      > Could not resolve gradle.plugin.org.liquibase:liquibase-gradle-plugin:1.2.4.
         > Could not get resource 'https://plugins.gradle.org/m2/gradle/plugin/org/liquibase/liquibase-gradle-plugin/1.2.4/liquibase-gradle-plugin-1.2.4.pom'.
            > Could not HEAD 'https://plugins.gradle.org/m2/gradle/plugin/org/liquibase/liquibase-gradle-plugin/1.2.4/liquibase-gradle-plugin-1.2.4.pom'.
               > Connect to plugins.gradle.org:443 [plugins.gradle.org/104.16.174.166, plugins.gradle.org/104.16.171.166, plugins.gradle.org/104.16.172.166, plugins.gradle.org/104.16.175.166, plugins.gradle.org/104.16.173.166] failed: connect timed out

* Try:
Run with --info or --debug option to get more log output. Run with --scan to get full insights.

* Exception is:
org.gradle.api.ProjectConfigurationException: A problem occurred configuring root project 'gradle-bug-4310'.
	at org.gradle.configuration.project.LifecycleProjectEvaluator.addConfigurationFailure(LifecycleProjectEvaluator.java:94)
	at org.gradle.configuration.project.LifecycleProjectEvaluator.doConfigure(LifecycleProjectEvaluator.java:66)
	at org.gradle.configuration.project.LifecycleProjectEvaluator.access$100(LifecycleProjectEvaluator.java:34)
	at org.gradle.configuration.project.LifecycleProjectEvaluator$ConfigureProject.run(LifecycleProjectEvaluator.java:110)
	at org.gradle.internal.progress.DefaultBuildOperationExecutor$RunnableBuildOperationWorker.execute(DefaultBuildOperationExecutor.java:336)
	at org.gradle.internal.progress.DefaultBuildOperationExecutor$RunnableBuildOperationWorker.execute(DefaultBuildOperationExecutor.java:328)
	at org.gradle.internal.progress.DefaultBuildOperationExecutor.execute(DefaultBuildOperationExecutor.java:199)
	at org.gradle.internal.progress.DefaultBuildOperationExecutor.run(DefaultBuildOperationExecutor.java:110)
	at org.gradle.configuration.project.LifecycleProjectEvaluator.evaluate(LifecycleProjectEvaluator.java:50)
	at org.gradle.api.internal.project.DefaultProject.evaluate(DefaultProject.java:667)
	at org.gradle.api.internal.project.DefaultProject.evaluate(DefaultProject.java:136)
	at org.gradle.execution.TaskPathProjectEvaluator.configure(TaskPathProjectEvaluator.java:35)
	at org.gradle.execution.TaskPathProjectEvaluator.configureHierarchy(TaskPathProjectEvaluator.java:60)
	at org.gradle.configuration.DefaultBuildConfigurer.configure(DefaultBuildConfigurer.java:38)
	at org.gradle.initialization.DefaultGradleLauncher$ConfigureBuild.run(DefaultGradleLauncher.java:249)
	at org.gradle.internal.progress.DefaultBuildOperationExecutor$RunnableBuildOperationWorker.execute(DefaultBuildOperationExecutor.java:336)
	at org.gradle.internal.progress.DefaultBuildOperationExecutor$RunnableBuildOperationWorker.execute(DefaultBuildOperationExecutor.java:328)
	at org.gradle.internal.progress.DefaultBuildOperationExecutor.execute(DefaultBuildOperationExecutor.java:199)
	at org.gradle.internal.progress.DefaultBuildOperationExecutor.run(DefaultBuildOperationExecutor.java:110)
	at org.gradle.initialization.DefaultGradleLauncher.configureBuild(DefaultGradleLauncher.java:167)
	at org.gradle.initialization.DefaultGradleLauncher.doBuildStages(DefaultGradleLauncher.java:126)
	at org.gradle.initialization.DefaultGradleLauncher.executeTasks(DefaultGradleLauncher.java:109)
	at org.gradle.internal.invocation.GradleBuildController$1.call(GradleBuildController.java:78)
	at org.gradle.internal.invocation.GradleBuildController$1.call(GradleBuildController.java:75)
	at org.gradle.internal.work.DefaultWorkerLeaseService.withLocks(DefaultWorkerLeaseService.java:152)
	at org.gradle.internal.invocation.GradleBuildController.doBuild(GradleBuildController.java:100)
	at org.gradle.internal.invocation.GradleBuildController.run(GradleBuildController.java:75)
	at org.gradle.tooling.internal.provider.ExecuteBuildActionRunner.run(ExecuteBuildActionRunner.java:28)
	at org.gradle.launcher.exec.ChainingBuildActionRunner.run(ChainingBuildActionRunner.java:35)
	at org.gradle.tooling.internal.provider.ValidatingBuildActionRunner.run(ValidatingBuildActionRunner.java:32)
	at org.gradle.launcher.exec.RunAsBuildOperationBuildActionRunner$1.run(RunAsBuildOperationBuildActionRunner.java:43)
	at org.gradle.internal.progress.DefaultBuildOperationExecutor$RunnableBuildOperationWorker.execute(DefaultBuildOperationExecutor.java:336)
	at org.gradle.internal.progress.DefaultBuildOperationExecutor$RunnableBuildOperationWorker.execute(DefaultBuildOperationExecutor.java:328)
	at org.gradle.internal.progress.DefaultBuildOperationExecutor.execute(DefaultBuildOperationExecutor.java:199)
	at org.gradle.internal.progress.DefaultBuildOperationExecutor.run(DefaultBuildOperationExecutor.java:110)
	at org.gradle.launcher.exec.RunAsBuildOperationBuildActionRunner.run(RunAsBuildOperationBuildActionRunner.java:40)
	at org.gradle.tooling.internal.provider.SubscribableBuildActionRunner.run(SubscribableBuildActionRunner.java:51)
	at org.gradle.launcher.exec.InProcessBuildActionExecuter.execute(InProcessBuildActionExecuter.java:49)
	at org.gradle.launcher.exec.InProcessBuildActionExecuter.execute(InProcessBuildActionExecuter.java:32)
	at org.gradle.launcher.exec.BuildTreeScopeBuildActionExecuter.execute(BuildTreeScopeBuildActionExecuter.java:39)
	at org.gradle.launcher.exec.BuildTreeScopeBuildActionExecuter.execute(BuildTreeScopeBuildActionExecuter.java:25)
	at org.gradle.tooling.internal.provider.ContinuousBuildActionExecuter.execute(ContinuousBuildActionExecuter.java:80)
	at org.gradle.tooling.internal.provider.ContinuousBuildActionExecuter.execute(ContinuousBuildActionExecuter.java:53)
	at org.gradle.tooling.internal.provider.ServicesSetupBuildActionExecuter.execute(ServicesSetupBuildActionExecuter.java:57)
	at org.gradle.tooling.internal.provider.ServicesSetupBuildActionExecuter.execute(ServicesSetupBuildActionExecuter.java:32)
	at org.gradle.tooling.internal.provider.GradleThreadBuildActionExecuter.execute(GradleThreadBuildActionExecuter.java:36)
	at org.gradle.tooling.internal.provider.GradleThreadBuildActionExecuter.execute(GradleThreadBuildActionExecuter.java:25)
	at org.gradle.tooling.internal.provider.ParallelismConfigurationBuildActionExecuter.execute(ParallelismConfigurationBuildActionExecuter.java:43)
	at org.gradle.tooling.internal.provider.ParallelismConfigurationBuildActionExecuter.execute(ParallelismConfigurationBuildActionExecuter.java:29)
	at org.gradle.tooling.internal.provider.StartParamsValidatingActionExecuter.execute(StartParamsValidatingActionExecuter.java:64)
	at org.gradle.tooling.internal.provider.StartParamsValidatingActionExecuter.execute(StartParamsValidatingActionExecuter.java:29)
	at org.gradle.tooling.internal.provider.SessionFailureReportingActionExecuter.execute(SessionFailureReportingActionExecuter.java:59)
	at org.gradle.tooling.internal.provider.SessionFailureReportingActionExecuter.execute(SessionFailureReportingActionExecuter.java:44)
	at org.gradle.tooling.internal.provider.SetupLoggingActionExecuter.execute(SetupLoggingActionExecuter.java:45)
	at org.gradle.tooling.internal.provider.SetupLoggingActionExecuter.execute(SetupLoggingActionExecuter.java:30)
	at org.gradle.launcher.daemon.server.exec.ExecuteBuild.doBuild(ExecuteBuild.java:67)
	at org.gradle.launcher.daemon.server.exec.BuildCommandOnly.execute(BuildCommandOnly.java:36)
	at org.gradle.launcher.daemon.server.api.DaemonCommandExecution.proceed(DaemonCommandExecution.java:122)
	at org.gradle.launcher.daemon.server.exec.WatchForDisconnection.execute(WatchForDisconnection.java:37)
	at org.gradle.launcher.daemon.server.api.DaemonCommandExecution.proceed(DaemonCommandExecution.java:122)
	at org.gradle.launcher.daemon.server.exec.ResetDeprecationLogger.execute(ResetDeprecationLogger.java:26)
	at org.gradle.launcher.daemon.server.api.DaemonCommandExecution.proceed(DaemonCommandExecution.java:122)
	at org.gradle.launcher.daemon.server.exec.RequestStopIfSingleUsedDaemon.execute(RequestStopIfSingleUsedDaemon.java:34)
	at org.gradle.launcher.daemon.server.api.DaemonCommandExecution.proceed(DaemonCommandExecution.java:122)
	at org.gradle.launcher.daemon.server.exec.ForwardClientInput$2.call(ForwardClientInput.java:74)
	at org.gradle.launcher.daemon.server.exec.ForwardClientInput$2.call(ForwardClientInput.java:72)
	at org.gradle.util.Swapper.swap(Swapper.java:38)
	at org.gradle.launcher.daemon.server.exec.ForwardClientInput.execute(ForwardClientInput.java:72)
	at org.gradle.launcher.daemon.server.api.DaemonCommandExecution.proceed(DaemonCommandExecution.java:122)
	at org.gradle.launcher.daemon.server.exec.LogAndCheckHealth.execute(LogAndCheckHealth.java:55)
	at org.gradle.launcher.daemon.server.api.DaemonCommandExecution.proceed(DaemonCommandExecution.java:122)
	at org.gradle.launcher.daemon.server.exec.LogToClient.doBuild(LogToClient.java:62)
	at org.gradle.launcher.daemon.server.exec.BuildCommandOnly.execute(BuildCommandOnly.java:36)
	at org.gradle.launcher.daemon.server.api.DaemonCommandExecution.proceed(DaemonCommandExecution.java:122)
	at org.gradle.launcher.daemon.server.exec.EstablishBuildEnvironment.doBuild(EstablishBuildEnvironment.java:82)
	at org.gradle.launcher.daemon.server.exec.BuildCommandOnly.execute(BuildCommandOnly.java:36)
	at org.gradle.launcher.daemon.server.api.DaemonCommandExecution.proceed(DaemonCommandExecution.java:122)
	at org.gradle.launcher.daemon.server.exec.StartBuildOrRespondWithBusy$1.run(StartBuildOrRespondWithBusy.java:50)
	at org.gradle.launcher.daemon.server.DaemonStateCoordinator$1.run(DaemonStateCoordinator.java:295)
	at org.gradle.internal.concurrent.ExecutorPolicy$CatchAndRecordFailures.onExecute(ExecutorPolicy.java:63)
	at org.gradle.internal.concurrent.ManagedExecutorImpl$1.run(ManagedExecutorImpl.java:46)
	at org.gradle.internal.concurrent.ThreadFactoryImpl$ManagedThreadRunnable.run(ThreadFactoryImpl.java:55)
Caused by: org.gradle.api.internal.artifacts.ivyservice.DefaultLenientConfiguration$ArtifactResolveException: Could not resolve all files for configuration ':classpath'.
	at org.gradle.api.internal.artifacts.configurations.DefaultConfiguration.rethrowFailure(DefaultConfiguration.java:915)
	at org.gradle.api.internal.artifacts.configurations.DefaultConfiguration.access$1600(DefaultConfiguration.java:116)
	at org.gradle.api.internal.artifacts.configurations.DefaultConfiguration$ConfigurationFileCollection.getFiles(DefaultConfiguration.java:889)
	at org.gradle.api.internal.artifacts.configurations.DefaultConfiguration.getFiles(DefaultConfiguration.java:401)
	at org.gradle.api.internal.artifacts.configurations.DefaultConfiguration_Decorated.getFiles(Unknown Source)
	at org.gradle.api.internal.file.AbstractFileCollection.iterator(AbstractFileCollection.java:68)
	at org.gradle.internal.classpath.DefaultClassPath.<init>(DefaultClassPath.java:48)
	at org.gradle.api.internal.initialization.DefaultScriptClassPathResolver.resolveClassPath(DefaultScriptClassPathResolver.java:39)
	at org.gradle.api.internal.initialization.DefaultScriptHandler.getScriptClassPath(DefaultScriptHandler.java:72)
	at org.gradle.plugin.use.internal.DefaultPluginRequestApplicator.defineScriptHandlerClassScope(DefaultPluginRequestApplicator.java:204)
	at org.gradle.plugin.use.internal.DefaultPluginRequestApplicator.applyPlugins(DefaultPluginRequestApplicator.java:140)
	at org.gradle.configuration.DefaultScriptPluginFactory$ScriptPluginImpl.apply(DefaultScriptPluginFactory.java:184)
	at org.gradle.configuration.BuildOperationScriptPlugin$1.run(BuildOperationScriptPlugin.java:61)
	at org.gradle.internal.progress.DefaultBuildOperationExecutor$RunnableBuildOperationWorker.execute(DefaultBuildOperationExecutor.java:336)
	at org.gradle.internal.progress.DefaultBuildOperationExecutor$RunnableBuildOperationWorker.execute(DefaultBuildOperationExecutor.java:328)
	at org.gradle.internal.progress.DefaultBuildOperationExecutor.execute(DefaultBuildOperationExecutor.java:199)
	at org.gradle.internal.progress.DefaultBuildOperationExecutor.run(DefaultBuildOperationExecutor.java:110)
	at org.gradle.configuration.BuildOperationScriptPlugin.apply(BuildOperationScriptPlugin.java:58)
	at org.gradle.configuration.project.BuildScriptProcessor.execute(BuildScriptProcessor.java:41)
	at org.gradle.configuration.project.BuildScriptProcessor.execute(BuildScriptProcessor.java:26)
	at org.gradle.configuration.project.ConfigureActionsProjectEvaluator.evaluate(ConfigureActionsProjectEvaluator.java:34)
	at org.gradle.configuration.project.LifecycleProjectEvaluator.doConfigure(LifecycleProjectEvaluator.java:64)
	... 80 more
Caused by: org.gradle.internal.resolve.ModuleVersionResolveException: Could not resolve gradle.plugin.org.liquibase:liquibase-gradle-plugin:1.2.4.
Required by:
    project :
	at org.gradle.api.internal.artifacts.ivyservice.ivyresolve.RepositoryChainComponentMetaDataResolver.resolveModule(RepositoryChainComponentMetaDataResolver.java:103)
	at org.gradle.api.internal.artifacts.ivyservice.ivyresolve.RepositoryChainComponentMetaDataResolver.resolve(RepositoryChainComponentMetaDataResolver.java:63)
	at org.gradle.api.internal.artifacts.ivyservice.resolveengine.ComponentResolversChain$ComponentMetaDataResolverChain.resolve(ComponentResolversChain.java:93)
	at org.gradle.api.internal.artifacts.ivyservice.clientmodule.ClientModuleResolver.resolve(ClientModuleResolver.java:60)
	at org.gradle.api.internal.artifacts.ivyservice.resolveengine.graph.builder.ComponentState.resolve(ComponentState.java:156)
	at org.gradle.api.internal.artifacts.ivyservice.resolveengine.graph.builder.ComponentState.getMetaData(ComponentState.java:167)
	at org.gradle.api.internal.artifacts.ivyservice.resolveengine.graph.builder.EdgeState.calculateTargetConfigurations(EdgeState.java:136)
	at org.gradle.api.internal.artifacts.ivyservice.resolveengine.graph.builder.EdgeState.attachToTargetConfigurations(EdgeState.java:107)
	at org.gradle.api.internal.artifacts.ivyservice.resolveengine.graph.builder.DependencyGraphBuilder.attachToTargetRevisionsSerially(DependencyGraphBuilder.java:242)
	at org.gradle.api.internal.artifacts.ivyservice.resolveengine.graph.builder.DependencyGraphBuilder.resolveEdges(DependencyGraphBuilder.java:232)
	at org.gradle.api.internal.artifacts.ivyservice.resolveengine.graph.builder.DependencyGraphBuilder.traverseGraph(DependencyGraphBuilder.java:146)
	at org.gradle.api.internal.artifacts.ivyservice.resolveengine.graph.builder.DependencyGraphBuilder.resolve(DependencyGraphBuilder.java:112)
	at org.gradle.api.internal.artifacts.ivyservice.resolveengine.DefaultArtifactDependencyResolver.resolve(DefaultArtifactDependencyResolver.java:93)
	at org.gradle.api.internal.artifacts.ivyservice.DefaultConfigurationResolver.resolveGraph(DefaultConfigurationResolver.java:146)
	at org.gradle.api.internal.artifacts.ivyservice.ShortCircuitEmptyConfigurationResolver.resolveGraph(ShortCircuitEmptyConfigurationResolver.java:73)
	at org.gradle.api.internal.artifacts.ivyservice.ErrorHandlingConfigurationResolver.resolveGraph(ErrorHandlingConfigurationResolver.java:66)
	at org.gradle.api.internal.artifacts.configurations.DefaultConfiguration$4.run(DefaultConfiguration.java:480)
	at org.gradle.internal.progress.DefaultBuildOperationExecutor$RunnableBuildOperationWorker.execute(DefaultBuildOperationExecutor.java:336)
	at org.gradle.internal.progress.DefaultBuildOperationExecutor$RunnableBuildOperationWorker.execute(DefaultBuildOperationExecutor.java:328)
	at org.gradle.internal.progress.DefaultBuildOperationExecutor.execute(DefaultBuildOperationExecutor.java:199)
	at org.gradle.internal.progress.DefaultBuildOperationExecutor.run(DefaultBuildOperationExecutor.java:110)
	at org.gradle.api.internal.artifacts.configurations.DefaultConfiguration.resolveGraphIfRequired(DefaultConfiguration.java:471)
	at org.gradle.api.internal.artifacts.configurations.DefaultConfiguration.resolveToStateOrLater(DefaultConfiguration.java:456)
	at org.gradle.api.internal.artifacts.configurations.DefaultConfiguration.access$1700(DefaultConfiguration.java:116)
	at org.gradle.api.internal.artifacts.configurations.DefaultConfiguration$ConfigurationFileCollection.getSelectedArtifacts(DefaultConfiguration.java:898)
	at org.gradle.api.internal.artifacts.configurations.DefaultConfiguration$ConfigurationFileCollection.getFiles(DefaultConfiguration.java:886)
	... 99 more
Caused by: org.gradle.internal.resolve.ModuleVersionResolveException: Could not resolve gradle.plugin.org.liquibase:liquibase-gradle-plugin:1.2.4.
	at org.gradle.api.internal.artifacts.ivyservice.ivyresolve.ErrorHandlingModuleComponentRepository$ErrorHandlingModuleComponentRepositoryAccess.resolveComponentMetaData(ErrorHandlingModuleComponentRepository.java:132)
	at org.gradle.api.internal.artifacts.ivyservice.ivyresolve.ComponentMetaDataResolveState.process(ComponentMetaDataResolveState.java:66)
	at org.gradle.api.internal.artifacts.ivyservice.ivyresolve.ComponentMetaDataResolveState.resolve(ComponentMetaDataResolveState.java:58)
	at org.gradle.api.internal.artifacts.ivyservice.ivyresolve.RepositoryChainComponentMetaDataResolver.findBestMatch(RepositoryChainComponentMetaDataResolver.java:138)
	at org.gradle.api.internal.artifacts.ivyservice.ivyresolve.RepositoryChainComponentMetaDataResolver.findBestMatch(RepositoryChainComponentMetaDataResolver.java:119)
	at org.gradle.api.internal.artifacts.ivyservice.ivyresolve.RepositoryChainComponentMetaDataResolver.resolveModule(RepositoryChainComponentMetaDataResolver.java:92)
	... 124 more
Caused by: org.gradle.api.resources.ResourceException: Could not get resource 'https://plugins.gradle.org/m2/gradle/plugin/org/liquibase/liquibase-gradle-plugin/1.2.4/liquibase-gradle-plugin-1.2.4.pom'.
	at org.gradle.internal.resource.ResourceExceptions.failure(ResourceExceptions.java:74)
	at org.gradle.internal.resource.ResourceExceptions.getFailed(ResourceExceptions.java:57)
	at org.gradle.api.internal.artifacts.repositories.resolver.DefaultExternalResourceArtifactResolver.downloadByCoords(DefaultExternalResourceArtifactResolver.java:147)
	at org.gradle.api.internal.artifacts.repositories.resolver.DefaultExternalResourceArtifactResolver.downloadStaticResource(DefaultExternalResourceArtifactResolver.java:98)
	at org.gradle.api.internal.artifacts.repositories.resolver.DefaultExternalResourceArtifactResolver.resolveArtifact(DefaultExternalResourceArtifactResolver.java:65)
	at org.gradle.api.internal.artifacts.repositories.metadata.AbstractRepositoryMetadataSource.parseMetaDataFromArtifact(AbstractRepositoryMetadataSource.java:69)
	at org.gradle.api.internal.artifacts.repositories.metadata.AbstractRepositoryMetadataSource.create(AbstractRepositoryMetadataSource.java:59)
	at org.gradle.api.internal.artifacts.repositories.resolver.ExternalResourceResolver.resolveStaticDependency(ExternalResourceResolver.java:199)
	at org.gradle.api.internal.artifacts.repositories.resolver.MavenResolver.doResolveComponentMetaData(MavenResolver.java:117)
	at org.gradle.api.internal.artifacts.repositories.resolver.ExternalResourceResolver$RemoteRepositoryAccess.resolveComponentMetaData(ExternalResourceResolver.java:400)
	at org.gradle.api.internal.artifacts.ivyservice.ivyresolve.CachingModuleComponentRepository$ResolveAndCacheRepositoryAccess.resolveComponentMetaData(CachingModuleComponentRepository.java:363)
	at org.gradle.api.internal.artifacts.ivyservice.ivyresolve.BaseModuleComponentRepositoryAccess.resolveComponentMetaData(BaseModuleComponentRepositoryAccess.java:50)
	at org.gradle.api.internal.artifacts.ivyservice.ivyresolve.memcache.InMemoryCachedModuleComponentRepository$CachedAccess.resolveComponentMetaData(InMemoryCachedModuleComponentRepository.java:95)
	at org.gradle.api.internal.artifacts.ivyservice.ivyresolve.ErrorHandlingModuleComponentRepository$ErrorHandlingModuleComponentRepositoryAccess.resolveComponentMetaData(ErrorHandlingModuleComponentRepository.java:129)
	... 129 more
Caused by: org.gradle.internal.resource.transport.http.HttpRequestException: Could not HEAD 'https://plugins.gradle.org/m2/gradle/plugin/org/liquibase/liquibase-gradle-plugin/1.2.4/liquibase-gradle-plugin-1.2.4.pom'.
	at org.gradle.internal.resource.transport.http.HttpClientHelper.performRequest(HttpClientHelper.java:96)
	at org.gradle.internal.resource.transport.http.HttpClientHelper.performRawHead(HttpClientHelper.java:72)
	at org.gradle.internal.resource.transport.http.HttpClientHelper.performHead(HttpClientHelper.java:76)
	at org.gradle.internal.resource.transport.http.HttpResourceAccessor.getMetaData(HttpResourceAccessor.java:65)
	at org.gradle.internal.resource.transfer.DefaultExternalResourceConnector.getMetaData(DefaultExternalResourceConnector.java:63)
	at org.gradle.internal.resource.transfer.AccessorBackedExternalResource.getMetaData(AccessorBackedExternalResource.java:201)
	at org.gradle.internal.resource.BuildOperationFiringExternalResourceDecorator$1.call(BuildOperationFiringExternalResourceDecorator.java:61)
	at org.gradle.internal.resource.BuildOperationFiringExternalResourceDecorator$1.call(BuildOperationFiringExternalResourceDecorator.java:58)
	at org.gradle.internal.progress.DefaultBuildOperationExecutor$CallableBuildOperationWorker.execute(DefaultBuildOperationExecutor.java:350)
	at org.gradle.internal.progress.DefaultBuildOperationExecutor$CallableBuildOperationWorker.execute(DefaultBuildOperationExecutor.java:340)
	at org.gradle.internal.progress.DefaultBuildOperationExecutor.execute(DefaultBuildOperationExecutor.java:199)
	at org.gradle.internal.progress.DefaultBuildOperationExecutor.call(DefaultBuildOperationExecutor.java:120)
	at org.gradle.internal.resource.BuildOperationFiringExternalResourceDecorator.getMetaData(BuildOperationFiringExternalResourceDecorator.java:58)
	at org.gradle.internal.resource.transfer.DefaultCacheAwareExternalResourceAccessor$1.create(DefaultCacheAwareExternalResourceAccessor.java:102)
	at org.gradle.internal.resource.transfer.DefaultCacheAwareExternalResourceAccessor$1.create(DefaultCacheAwareExternalResourceAccessor.java:82)
	at org.gradle.cache.internal.ProducerGuard$AdaptiveProducerGuard.guardByKey(ProducerGuard.java:97)
	at org.gradle.internal.resource.transfer.DefaultCacheAwareExternalResourceAccessor.getResource(DefaultCacheAwareExternalResourceAccessor.java:82)
	at org.gradle.api.internal.artifacts.repositories.resolver.DefaultExternalResourceArtifactResolver.downloadByCoords(DefaultExternalResourceArtifactResolver.java:138)
	... 140 more
Caused by: org.apache.http.conn.ConnectTimeoutException: Connect to plugins.gradle.org:443 [plugins.gradle.org/104.16.174.166, plugins.gradle.org/104.16.171.166, plugins.gradle.org/104.16.172.166, plugins.gradle.org/104.16.175.166, plugins.gradle.org/104.16.173.166] failed: connect timed out
	at org.apache.http.impl.conn.DefaultHttpClientConnectionOperator.connect(DefaultHttpClientConnectionOperator.java:143)
	at org.apache.http.impl.conn.PoolingHttpClientConnectionManager.connect(PoolingHttpClientConnectionManager.java:353)
	at org.apache.http.impl.execchain.MainClientExec.establishRoute(MainClientExec.java:380)
	at org.apache.http.impl.execchain.MainClientExec.execute(MainClientExec.java:236)
	at org.apache.http.impl.execchain.ProtocolExec.execute(ProtocolExec.java:184)
	at org.apache.http.impl.execchain.RetryExec.execute(RetryExec.java:88)
	at org.apache.http.impl.execchain.RedirectExec.execute(RedirectExec.java:110)
	at org.apache.http.impl.client.InternalHttpClient.doExecute(InternalHttpClient.java:184)
	at org.apache.http.impl.client.CloseableHttpClient.execute(CloseableHttpClient.java:82)
	at org.gradle.internal.resource.transport.http.HttpClientHelper.performHttpRequest(HttpClientHelper.java:148)
	at org.gradle.internal.resource.transport.http.HttpClientHelper.performHttpRequest(HttpClientHelper.java:126)
	at org.gradle.internal.resource.transport.http.HttpClientHelper.executeGetOrHead(HttpClientHelper.java:103)
	at org.gradle.internal.resource.transport.http.HttpClientHelper.performRequest(HttpClientHelper.java:94)
	... 157 more
Caused by: java.net.SocketTimeoutException: connect timed out
	at org.apache.http.conn.ssl.SSLConnectionSocketFactory.connectSocket(SSLConnectionSocketFactory.java:337)
	at org.apache.http.impl.conn.DefaultHttpClientConnectionOperator.connect(DefaultHttpClientConnectionOperator.java:134)
	... 169 more


* Get more help at https://help.gradle.org

BUILD FAILED in 2m 32s
